<?xml version="1.0" encoding="UTF-8"?>
<!-- Generated by org.testng.reporters.JUnitReportReporter -->
<testsuite hostname="DMS" name="com.extent.Functionality1" tests="3" failures="0" timestamp="10 Jun 2018 03:14:41 GMT" time="0.023" errors="0">
  <testcase name="functionality1Test2" time="0.004" classname="com.extent.Functionality1"/>
  <testcase name="functionality1Test3" time="0.002" classname="com.extent.Functionality1"/>
  <testcase name="functionality1Test1" time="0.017" classname="com.extent.Functionality1"/>
</testsuite> <!-- com.extent.Functionality1 -->
